<?xml version="1.0" encoding="UTF-8"?>
<!-- Generated by org.testng.reporters.JUnitReportReporter -->
<testsuite hostname="DESKTOP-3T17BOV" failures="0" tests="3" name="GETApis.GETAPIRequest_NON_BDD" time="1.303" errors="0" timestamp="2024-04-23T15:44:56 IST" skipped="0">
  <testcase classname="GETApis.GETAPIRequest_NON_BDD" name="getUserWithQueryParamater_WithHashMap_APITest" time="0.247"/>
  <testcase classname="GETApis.GETAPIRequest_NON_BDD" name="getUserAPITest" time="0.827"/>
  <testcase classname="GETApis.GETAPIRequest_NON_BDD" name="getUserWithQueryParamaterAPITest" time="0.229"/>
</testsuite> <!-- GETApis.GETAPIRequest_NON_BDD -->
