<?xml version="1.0" encoding="UTF-8"?>
<!-- Generated by org.testng.reporters.JUnitReportReporter -->
<testsuite hostname="DESKTOP-3T17BOV" failures="0" tests="3" name="GETApis.GETAPIRequest_NON_BDD" time="1.373" errors="0" timestamp="2024-04-23T17:34:37 IST" skipped="0">
  <testcase classname="GETApis.GETAPIRequest_NON_BDD" name="getUserWithQueryParamaterAPITest" time="0.266"/>
  <testcase classname="GETApis.GETAPIRequest_NON_BDD" name="getUserWithQueryParamater_WithHashMap_APITest" time="0.244"/>
  <testcase classname="GETApis.GETAPIRequest_NON_BDD" name="getUserAPITest" time="0.863"/>
</testsuite> <!-- GETApis.GETAPIRequest_NON_BDD -->
